<?xml version="1.0" encoding="UTF-8" standalone="yes"?><!DOCTYPE report PUBLIC "-//JACOCO//DTD Report 1.1//EN" "report.dtd"><report name="Activite3"><sessioninfo id="debian-f1d7f486" start="1640407147603" dump="1640407148270"/><package name="nc/unc/kevintrochon"><class name="nc/unc/kevintrochon/CaractereInterditException" sourcefilename="CaractereInterditException.java"><method name="&lt;init&gt;" desc="(Ljava/lang/String;)V" line="12"><counter type="INSTRUCTION" missed="0" covered="4"/><counter type="LINE" missed="0" covered="2"/><counter type="COMPLEXITY" missed="0" covered="1"/><counter type="METHOD" missed="0" covered="1"/></method><counter type="INSTRUCTION" missed="0" covered="4"/><counter type="LINE" missed="0" covered="2"/><counter type="COMPLEXITY" missed="0" covered="1"/><counter type="METHOD" missed="0" covered="1"/><counter type="CLASS" missed="0" covered="1"/></class><class name="nc/unc/kevintrochon/HorsBornesException" sourcefilename="HorsBornesException.java"><method name="&lt;init&gt;" desc="(Ljava/lang/String;)V" line="5"><counter type="INSTRUCTION" missed="0" covered="4"/><counter type="LINE" missed="0" covered="2"/><counter type="COMPLEXITY" missed="0" covered="1"/><counter type="METHOD" missed="0" covered="1"/></method><counter type="INSTRUCTION" missed="0" covered="4"/><counter type="LINE" missed="0" covered="2"/><counter type="COMPLEXITY" missed="0" covered="1"/><counter type="METHOD" missed="0" covered="1"/><counter type="CLASS" missed="0" covered="1"/></class><class name="nc/unc/kevintrochon/GrilleParser" sourcefilename="GrilleParser.java"><method name="&lt;init&gt;" desc="()V" line="11"><counter type="INSTRUCTION" missed="3" covered="0"/><counter type="LINE" missed="1" covered="0"/><counter type="COMPLEXITY" missed="1" covered="0"/><counter type="METHOD" missed="1" covered="0"/></method><method name="parse" desc="(Ljava/lang/String;Lnc/unc/kevintrochon/GrilleImpl;)V" line="19"><counter type="INSTRUCTION" missed="3" covered="65"/><counter type="BRANCH" missed="0" covered="6"/><counter type="LINE" missed="2" covered="15"/><counter type="COMPLEXITY" missed="0" covered="4"/><counter type="METHOD" missed="0" covered="1"/></method><method name="parseur" desc="(Ljava/lang/String;Lnc/unc/kevintrochon/GrilleImpl;)V" line="46"><counter type="INSTRUCTION" missed="0" covered="4"/><counter type="LINE" missed="0" covered="2"/><counter type="COMPLEXITY" missed="0" covered="1"/><counter type="METHOD" missed="0" covered="1"/></method><counter type="INSTRUCTION" missed="6" covered="69"/><counter type="BRANCH" missed="0" covered="6"/><counter type="LINE" missed="3" covered="17"/><counter type="COMPLEXITY" missed="1" covered="5"/><counter type="METHOD" missed="1" covered="2"/><counter type="CLASS" missed="0" covered="1"/></class><class name="nc/unc/kevintrochon/ResolveurInterface" sourcefilename="ResolveurInterface.java"/><class name="nc/unc/kevintrochon/Resolveur" sourcefilename="Resolveur.java"><method name="&lt;init&gt;" desc="(Ljava/lang/String;)V" line="19"><counter type="INSTRUCTION" missed="0" covered="42"/><counter type="BRANCH" missed="0" covered="2"/><counter type="LINE" missed="0" covered="7"/><counter type="COMPLEXITY" missed="0" covered="2"/><counter type="METHOD" missed="0" covered="1"/></method><method name="solveur" desc="(I)Z" line="39"><counter type="INSTRUCTION" missed="0" covered="93"/><counter type="BRANCH" missed="0" covered="14"/><counter type="LINE" missed="0" covered="17"/><counter type="COMPLEXITY" missed="0" covered="8"/><counter type="METHOD" missed="0" covered="1"/></method><counter type="INSTRUCTION" missed="0" covered="135"/><counter type="BRANCH" missed="0" covered="16"/><counter type="LINE" missed="0" covered="24"/><counter type="COMPLEXITY" missed="0" covered="10"/><counter type="METHOD" missed="0" covered="2"/><counter type="CLASS" missed="0" covered="1"/></class><class name="nc/unc/kevintrochon/GrilleImpl" sourcefilename="GrilleImpl.java"><method name="&lt;init&gt;" desc="(I)V" line="64"><counter type="INSTRUCTION" missed="0" covered="1150"/><counter type="BRANCH" missed="0" covered="8"/><counter type="LINE" missed="0" covered="21"/><counter type="COMPLEXITY" missed="0" covered="5"/><counter type="METHOD" missed="0" covered="1"/></method><method name="&lt;init&gt;" desc="(Ljava/lang/String;)V" line="124"><counter type="INSTRUCTION" missed="0" covered="290"/><counter type="BRANCH" missed="0" covered="4"/><counter type="LINE" missed="0" covered="13"/><counter type="COMPLEXITY" missed="0" covered="4"/><counter type="METHOD" missed="0" covered="1"/></method><method name="getTableauPossible" desc="()[C" line="150"><counter type="INSTRUCTION" missed="0" covered="3"/><counter type="LINE" missed="0" covered="1"/><counter type="COMPLEXITY" missed="0" covered="1"/><counter type="METHOD" missed="0" covered="1"/></method><method name="isCaracterPermis" desc="(C)Z" line="158"><counter type="INSTRUCTION" missed="0" covered="27"/><counter type="BRANCH" missed="0" covered="4"/><counter type="LINE" missed="0" covered="6"/><counter type="COMPLEXITY" missed="0" covered="3"/><counter type="METHOD" missed="0" covered="1"/></method><method name="remisePointZeroRegion" desc="(I)I" line="172"><counter type="INSTRUCTION" missed="0" covered="73"/><counter type="BRANCH" missed="1" covered="15"/><counter type="LINE" missed="0" covered="11"/><counter type="COMPLEXITY" missed="1" covered="8"/><counter type="METHOD" missed="0" covered="1"/></method><method name="verifRegion" desc="(IIC)Z" line="192"><counter type="INSTRUCTION" missed="0" covered="121"/><counter type="BRANCH" missed="0" covered="16"/><counter type="LINE" missed="0" covered="16"/><counter type="COMPLEXITY" missed="0" covered="9"/><counter type="METHOD" missed="0" covered="1"/></method><method name="verifLigne" desc="(IC)Z" line="223"><counter type="INSTRUCTION" missed="0" covered="72"/><counter type="BRANCH" missed="0" covered="10"/><counter type="LINE" missed="0" covered="10"/><counter type="COMPLEXITY" missed="0" covered="6"/><counter type="METHOD" missed="0" covered="1"/></method><method name="verifColonne" desc="(IC)Z" line="245"><counter type="INSTRUCTION" missed="0" covered="75"/><counter type="BRANCH" missed="0" covered="10"/><counter type="LINE" missed="0" covered="10"/><counter type="COMPLEXITY" missed="0" covered="6"/><counter type="METHOD" missed="0" covered="1"/></method><method name="getDimension" desc="()I" line="269"><counter type="INSTRUCTION" missed="0" covered="3"/><counter type="LINE" missed="0" covered="1"/><counter type="COMPLEXITY" missed="0" covered="1"/><counter type="METHOD" missed="0" covered="1"/></method><method name="setValue" desc="(IIC)V" line="279"><counter type="INSTRUCTION" missed="0" covered="104"/><counter type="BRANCH" missed="1" covered="13"/><counter type="LINE" missed="0" covered="11"/><counter type="COMPLEXITY" missed="1" covered="7"/><counter type="METHOD" missed="0" covered="1"/></method><method name="getValue" desc="(II)C" line="302"><counter type="INSTRUCTION" missed="0" covered="55"/><counter type="BRANCH" missed="0" covered="8"/><counter type="LINE" missed="0" covered="5"/><counter type="COMPLEXITY" missed="0" covered="5"/><counter type="METHOD" missed="0" covered="1"/></method><method name="complete" desc="()Z" line="319"><counter type="INSTRUCTION" missed="0" covered="35"/><counter type="BRANCH" missed="0" covered="6"/><counter type="LINE" missed="0" covered="7"/><counter type="COMPLEXITY" missed="0" covered="4"/><counter type="METHOD" missed="0" covered="1"/></method><method name="possible" desc="(IIC)Z" line="337"><counter type="INSTRUCTION" missed="0" covered="98"/><counter type="BRANCH" missed="0" covered="16"/><counter type="LINE" missed="0" covered="14"/><counter type="COMPLEXITY" missed="0" covered="9"/><counter type="METHOD" missed="0" covered="1"/></method><method name="initialisation" desc="(IIC)V" line="360"><counter type="INSTRUCTION" missed="0" covered="8"/><counter type="LINE" missed="0" covered="2"/><counter type="COMPLEXITY" missed="0" covered="1"/><counter type="METHOD" missed="0" covered="1"/></method><counter type="INSTRUCTION" missed="0" covered="2114"/><counter type="BRANCH" missed="2" covered="110"/><counter type="LINE" missed="0" covered="128"/><counter type="COMPLEXITY" missed="2" covered="69"/><counter type="METHOD" missed="0" covered="14"/><counter type="CLASS" missed="0" covered="1"/></class><class name="nc/unc/kevintrochon/Grille" sourcefilename="Grille.java"/><class name="nc/unc/kevintrochon/ValeurImpossibleException" sourcefilename="ValeurImpossibleException.java"><method name="&lt;init&gt;" desc="(Ljava/lang/String;)V" line="5"><counter type="INSTRUCTION" missed="0" covered="4"/><counter type="LINE" missed="0" covered="2"/><counter type="COMPLEXITY" missed="0" covered="1"/><counter type="METHOD" missed="0" covered="1"/></method><counter type="INSTRUCTION" missed="0" covered="4"/><counter type="LINE" missed="0" covered="2"/><counter type="COMPLEXITY" missed="0" covered="1"/><counter type="METHOD" missed="0" covered="1"/><counter type="CLASS" missed="0" covered="1"/></class><sourcefile name="ResolveurInterface.java"/><sourcefile name="GrilleImpl.java"><line nr="64" mi="0" ci="2" mb="0" cb="0"/><line nr="65" mi="0" ci="3" mb="0" cb="2"/><line nr="66" mi="0" ci="88" mb="0" cb="0"/><line nr="72" mi="0" ci="3" mb="0" cb="0"/><line nr="73" mi="0" ci="21" mb="0" cb="0"/><line nr="75" mi="0" ci="3" mb="0" cb="2"/><line nr="76" mi="0" ci="3" mb="0" cb="0"/><line nr="77" mi="0" ci="373" mb="0" cb="0"/><line nr="88" mi="0" ci="41" mb="0" cb="0"/><line nr="90" mi="0" ci="3" mb="0" cb="2"/><line nr="91" mi="0" ci="5" mb="0" cb="0"/><line nr="92" mi="0" ci="3" mb="0" cb="0"/><line nr="93" mi="0" ci="69" mb="0" cb="0"/><line nr="96" mi="0" ci="3" mb="0" cb="2"/><line nr="97" mi="0" ci="5" mb="0" cb="0"/><line nr="98" mi="0" ci="3" mb="0" cb="0"/><line nr="99" mi="0" ci="105" mb="0" cb="0"/><line nr="104" mi="0" ci="3" mb="0" cb="0"/><line nr="105" mi="0" ci="373" mb="0" cb="0"/><line nr="116" mi="0" ci="40" mb="0" cb="0"/><line nr="119" mi="0" ci="1" mb="0" cb="0"/><line nr="124" mi="0" ci="2" mb="0" cb="0"/><line nr="125" mi="0" ci="18" mb="0" cb="0"/><line nr="126" mi="0" ci="7" mb="0" cb="0"/><line nr="127" mi="0" ci="4" mb="0" cb="0"/><line nr="128" mi="0" ci="3" mb="0" cb="4"/><line nr="129" mi="0" ci="40" mb="0" cb="0"/><line nr="130" mi="0" ci="1" mb="0" cb="0"/><line nr="131" mi="0" ci="68" mb="0" cb="0"/><line nr="134" mi="0" ci="1" mb="0" cb="0"/><line nr="135" mi="0" ci="104" mb="0" cb="0"/><line nr="139" mi="0" ci="1" mb="0" cb="0"/><line nr="140" mi="0" ci="40" mb="0" cb="0"/><line nr="144" mi="0" ci="1" mb="0" cb="0"/><line nr="150" mi="0" ci="3" mb="0" cb="0"/><line nr="158" mi="0" ci="2" mb="0" cb="0"/><line nr="159" mi="0" ci="17" mb="0" cb="2"/><line nr="160" mi="0" ci="3" mb="0" cb="2"/><line nr="161" mi="0" ci="2" mb="0" cb="0"/><line nr="162" mi="0" ci="1" mb="0" cb="0"/><line nr="165" mi="0" ci="2" mb="0" cb="0"/><line nr="172" mi="0" ci="6" mb="0" cb="0"/><line nr="173" mi="0" ci="2" mb="0" cb="0"/><line nr="174" mi="0" ci="8" mb="0" cb="4"/><line nr="175" mi="0" ci="5" mb="0" cb="0"/><line nr="176" mi="0" ci="10" mb="0" cb="4"/><line nr="177" mi="0" ci="7" mb="0" cb="0"/><line nr="178" mi="0" ci="10" mb="0" cb="4"/><line nr="179" mi="0" ci="7" mb="0" cb="0"/><line nr="180" mi="0" ci="10" mb="1" cb="3"/><line nr="181" mi="0" ci="6" mb="0" cb="0"/><line nr="183" mi="0" ci="2" mb="0" cb="0"/><line nr="192" mi="0" ci="6" mb="0" cb="4"/><line nr="193" mi="0" ci="18" mb="0" cb="0"/><line nr="195" mi="0" ci="6" mb="0" cb="4"/><line nr="196" mi="0" ci="18" mb="0" cb="0"/><line nr="198" mi="0" ci="4" mb="0" cb="2"/><line nr="199" mi="0" ci="18" mb="0" cb="0"/><line nr="202" mi="0" ci="2" mb="0" cb="0"/><line nr="203" mi="0" ci="6" mb="0" cb="0"/><line nr="204" mi="0" ci="4" mb="0" cb="0"/><line nr="205" mi="0" ci="4" mb="0" cb="0"/><line nr="206" mi="0" ci="11" mb="0" cb="2"/><line nr="207" mi="0" ci="11" mb="0" cb="2"/><line nr="208" mi="0" ci="8" mb="0" cb="2"/><line nr="209" mi="0" ci="2" mb="0" cb="0"/><line nr="210" mi="0" ci="1" mb="0" cb="0"/><line nr="214" mi="0" ci="2" mb="0" cb="0"/><line nr="223" mi="0" ci="6" mb="0" cb="4"/><line nr="224" mi="0" ci="18" mb="0" cb="0"/><line nr="226" mi="0" ci="4" mb="0" cb="2"/><line nr="227" mi="0" ci="18" mb="0" cb="0"/><line nr="230" mi="0" ci="2" mb="0" cb="0"/><line nr="231" mi="0" ci="11" mb="0" cb="2"/><line nr="232" mi="0" ci="8" mb="0" cb="2"/><line nr="233" mi="0" ci="2" mb="0" cb="0"/><line nr="234" mi="0" ci="1" mb="0" cb="0"/><line nr="237" mi="0" ci="2" mb="0" cb="0"/><line nr="245" mi="0" ci="6" mb="0" cb="4"/><line nr="246" mi="0" ci="18" mb="0" cb="0"/><line nr="248" mi="0" ci="4" mb="0" cb="2"/><line nr="249" mi="0" ci="18" mb="0" cb="0"/><line nr="252" mi="0" ci="2" mb="0" cb="0"/><line nr="253" mi="0" ci="17" mb="0" cb="2"/><line nr="254" mi="0" ci="5" mb="0" cb="2"/><line nr="255" mi="0" ci="2" mb="0" cb="0"/><line nr="256" mi="0" ci="1" mb="0" cb="0"/><line nr="259" mi="0" ci="2" mb="0" cb="0"/><line nr="269" mi="0" ci="3" mb="0" cb="0"/><line nr="279" mi="0" ci="6" mb="0" cb="4"/><line nr="280" mi="0" ci="18" mb="0" cb="0"/><line nr="282" mi="0" ci="6" mb="0" cb="4"/><line nr="283" mi="0" ci="18" mb="0" cb="0"/><line nr="285" mi="0" ci="4" mb="0" cb="2"/><line nr="286" mi="0" ci="18" mb="0" cb="0"/><line nr="288" mi="0" ci="6" mb="0" cb="2"/><line nr="289" mi="0" ci="14" mb="0" cb="0"/><line nr="292" mi="0" ci="6" mb="1" cb="1"/><line nr="293" mi="0" ci="7" mb="0" cb="0"/><line nr="295" mi="0" ci="1" mb="0" cb="0"/><line nr="302" mi="0" ci="6" mb="0" cb="4"/><line nr="303" mi="0" ci="18" mb="0" cb="0"/><line nr="305" mi="0" ci="6" mb="0" cb="4"/><line nr="306" mi="0" ci="18" mb="0" cb="0"/><line nr="309" mi="0" ci="7" mb="0" cb="0"/><line nr="319" mi="0" ci="2" mb="0" cb="0"/><line nr="320" mi="0" ci="9" mb="0" cb="2"/><line nr="321" mi="0" ci="11" mb="0" cb="2"/><line nr="322" mi="0" ci="8" mb="0" cb="2"/><line nr="323" mi="0" ci="2" mb="0" cb="0"/><line nr="324" mi="0" ci="1" mb="0" cb="0"/><line nr="328" mi="0" ci="2" mb="0" cb="0"/><line nr="337" mi="0" ci="2" mb="0" cb="0"/><line nr="338" mi="0" ci="6" mb="0" cb="4"/><line nr="339" mi="0" ci="18" mb="0" cb="0"/><line nr="341" mi="0" ci="6" mb="0" cb="4"/><line nr="342" mi="0" ci="18" mb="0" cb="0"/><line nr="343" mi="0" ci="4" mb="0" cb="2"/><line nr="344" mi="0" ci="18" mb="0" cb="0"/><line nr="346" mi="0" ci="6" mb="0" cb="2"/><line nr="347" mi="0" ci="3" mb="0" cb="0"/><line nr="348" mi="0" ci="5" mb="0" cb="2"/><line nr="349" mi="0" ci="3" mb="0" cb="0"/><line nr="350" mi="0" ci="5" mb="0" cb="2"/><line nr="351" mi="0" ci="2" mb="0" cb="0"/><line nr="353" mi="0" ci="2" mb="0" cb="0"/><line nr="360" mi="0" ci="7" mb="0" cb="0"/><line nr="361" mi="0" ci="1" mb="0" cb="0"/><counter type="INSTRUCTION" missed="0" covered="2114"/><counter type="BRANCH" missed="2" covered="110"/><counter type="LINE" missed="0" covered="128"/><counter type="COMPLEXITY" missed="2" covered="69"/><counter type="METHOD" missed="0" covered="14"/><counter type="CLASS" missed="0" covered="1"/></sourcefile><sourcefile name="HorsBornesException.java"><line nr="5" mi="0" ci="3" mb="0" cb="0"/><line nr="6" mi="0" ci="1" mb="0" cb="0"/><counter type="INSTRUCTION" missed="0" covered="4"/><counter type="LINE" missed="0" covered="2"/><counter type="COMPLEXITY" missed="0" covered="1"/><counter type="METHOD" missed="0" covered="1"/><counter type="CLASS" missed="0" covered="1"/></sourcefile><sourcefile name="Grille.java"/><sourcefile name="ValeurImpossibleException.java"><line nr="5" mi="0" ci="3" mb="0" cb="0"/><line nr="6" mi="0" ci="1" mb="0" cb="0"/><counter type="INSTRUCTION" missed="0" covered="4"/><counter type="LINE" missed="0" covered="2"/><counter type="COMPLEXITY" missed="0" covered="1"/><counter type="METHOD" missed="0" covered="1"/><counter type="CLASS" missed="0" covered="1"/></sourcefile><sourcefile name="Resolveur.java"><line nr="19" mi="0" ci="5" mb="0" cb="0"/><line nr="24" mi="0" ci="2" mb="0" cb="0"/><line nr="25" mi="0" ci="6" mb="0" cb="0"/><line nr="26" mi="0" ci="18" mb="0" cb="2"/><line nr="28" mi="0" ci="6" mb="0" cb="0"/><line nr="30" mi="0" ci="4" mb="0" cb="0"/><line nr="31" mi="0" ci="1" mb="0" cb="0"/><line nr="39" mi="0" ci="9" mb="0" cb="2"/><line nr="40" mi="0" ci="2" mb="0" cb="0"/><line nr="42" mi="0" ci="6" mb="0" cb="0"/><line nr="43" mi="0" ci="6" mb="0" cb="0"/><line nr="44" mi="0" ci="7" mb="0" cb="2"/><line nr="45" mi="0" ci="6" mb="0" cb="0"/><line nr="47" mi="0" ci="12" mb="0" cb="2"/><line nr="48" mi="0" ci="17" mb="0" cb="4"/><line nr="49" mi="0" ci="2" mb="0" cb="2"/><line nr="50" mi="0" ci="6" mb="0" cb="0"/><line nr="51" mi="0" ci="6" mb="0" cb="2"/><line nr="52" mi="0" ci="2" mb="0" cb="0"/><line nr="55" mi="0" ci="1" mb="0" cb="0"/><line nr="56" mi="0" ci="6" mb="0" cb="0"/><line nr="57" mi="0" ci="2" mb="0" cb="0"/><line nr="58" mi="0" ci="1" mb="0" cb="0"/><line nr="59" mi="0" ci="2" mb="0" cb="0"/><counter type="INSTRUCTION" missed="0" covered="135"/><counter type="BRANCH" missed="0" covered="16"/><counter type="LINE" missed="0" covered="24"/><counter type="COMPLEXITY" missed="0" covered="10"/><counter type="METHOD" missed="0" covered="2"/><counter type="CLASS" missed="0" covered="1"/></sourcefile><sourcefile name="CaractereInterditException.java"><line nr="12" mi="0" ci="3" mb="0" cb="0"/><line nr="13" mi="0" ci="1" mb="0" cb="0"/><counter type="INSTRUCTION" missed="0" covered="4"/><counter type="LINE" missed="0" covered="2"/><counter type="COMPLEXITY" missed="0" covered="1"/><counter type="METHOD" missed="0" covered="1"/><counter type="CLASS" missed="0" covered="1"/></sourcefile><sourcefile name="GrilleParser.java"><line nr="11" mi="3" ci="0" mb="0" cb="0"/><line nr="19" mi="0" ci="5" mb="0" cb="0"/><line nr="21" mi="0" ci="5" mb="0" cb="0"/><line nr="23" mi="0" ci="5" mb="0" cb="0"/><line nr="24" mi="0" ci="4" mb="0" cb="0"/><line nr="26" mi="0" ci="5" mb="0" cb="2"/><line nr="28" mi="0" ci="5" mb="0" cb="0"/><line nr="30" mi="0" ci="4" mb="0" cb="0"/><line nr="31" mi="0" ci="2" mb="0" cb="0"/><line nr="32" mi="0" ci="2" mb="0" cb="0"/><line nr="33" mi="0" ci="8" mb="0" cb="2"/><line nr="34" mi="0" ci="8" mb="0" cb="2"/><line nr="35" mi="0" ci="8" mb="0" cb="0"/><line nr="38" mi="0" ci="2" mb="0" cb="0"/><line nr="39" mi="1" ci="0" mb="0" cb="0"/><line nr="40" mi="2" ci="0" mb="0" cb="0"/><line nr="41" mi="0" ci="1" mb="0" cb="0"/><line nr="42" mi="0" ci="1" mb="0" cb="0"/><line nr="46" mi="0" ci="3" mb="0" cb="0"/><line nr="47" mi="0" ci="1" mb="0" cb="0"/><counter type="INSTRUCTION" missed="6" covered="69"/><counter type="BRANCH" missed="0" covered="6"/><counter type="LINE" missed="3" covered="17"/><counter type="COMPLEXITY" missed="1" covered="5"/><counter type="METHOD" missed="1" covered="2"/><counter type="CLASS" missed="0" covered="1"/></sourcefile><counter type="INSTRUCTION" missed="6" covered="2330"/><counter type="BRANCH" missed="2" covered="132"/><counter type="LINE" missed="3" covered="175"/><counter type="COMPLEXITY" missed="3" covered="87"/><counter type="METHOD" missed="1" covered="21"/><counter type="CLASS" missed="0" covered="6"/></package><counter type="INSTRUCTION" missed="6" covered="2330"/><counter type="BRANCH" missed="2" covered="132"/><counter type="LINE" missed="3" covered="175"/><counter type="COMPLEXITY" missed="3" covered="87"/><counter type="METHOD" missed="1" covered="21"/><counter type="CLASS" missed="0" covered="6"/></report>