<?xml version="1.0" encoding="UTF-8"?>
<testsuite xmlns:xsi="http://www.w3.org/2001/XMLSchema-instance" xsi:noNamespaceSchemaLocation="https://maven.apache.org/surefire/maven-surefire-plugin/xsd/surefire-test-report.xsd" name="nc.unc.kevintrochon.GrilleImplTest" time="0.063" tests="12" errors="0" skipped="0" failures="0">
  <properties>
[...]
</properties>
  <testcase name="getDimensionTest" classname="nc.unc.kevintrochon.GrilleImplTest" time="0.031"/>
  <testcase name="verifLigneTest" classname="nc.unc.kevintrochon.GrilleImplTest" time="0"/>
  <testcase name="getValueTest" classname="nc.unc.kevintrochon.GrilleImplTest" time="0"/>
  <testcase name="remisePointZeroRegionTest" classname="nc.unc.kevintrochon.GrilleImplTest" time="0"/>
  <testcase name="verifColonneTest" classname="nc.unc.kevintrochon.GrilleImplTest" time="0"/>
  <testcase name="possibleTest" classname="nc.unc.kevintrochon.GrilleImplTest" time="0"/>
  <testcase name="completeTest" classname="nc.unc.kevintrochon.GrilleImplTest" time="0"/>
  <testcase name="constructeurTest" classname="nc.unc.kevintrochon.GrilleImplTest" time="0"/>
  <testcase name="getTableauPossibleTest" classname="nc.unc.kevintrochon.GrilleImplTest" time="0"/>
  <testcase name="initTest" classname="nc.unc.kevintrochon.GrilleImplTest" time="0"/>
  <testcase name="setValueTest" classname="nc.unc.kevintrochon.GrilleImplTest" time="0"/>
  <testcase name="verifRegionTest" classname="nc.unc.kevintrochon.GrilleImplTest" time="0"/>
</testsuite>